fea2d0000
part
         1
coordinates
 6.12157e-03
 6.11359e-03
 6.10327e-03
 6.09989e-03
 6.09828e-03
 6.09738e-03
 6.09679e-03
 6.09638e-03
 6.09605e-03
 6.09577e-03
 6.09552e-03
 6.09529e-03
 6.09508e-03
 6.09488e-03
 6.09468e-03
 6.09450e-03
 6.09431e-03
 6.09414e-03
 6.09397e-03
 6.09381e-03
 6.09365e-03
 6.09349e-03
 6.09334e-03
 6.09320e-03
 6.09306e-03
 6.09292e-03
 6.09279e-03
 6.09266e-03
 6.09254e-03
 6.09242e-03
 6.09230e-03
 6.09218e-03
 6.09207e-03
 6.09196e-03
 6.09186e-03
 6.09175e-03
 6.09165e-03
 6.09155e-03
 6.09145e-03
 6.09136e-03
 6.09126e-03
 6.09117e-03
 6.09108e-03
 6.09099e-03
 6.09090e-03
 6.09081e-03
 6.09072e-03
 6.09064e-03
 6.09055e-03
 6.09047e-03
 6.09039e-03
 6.09031e-03
 6.09023e-03
 6.09015e-03
 6.09008e-03
 6.09002e-03
 6.08996e-03
 6.08991e-03
 6.08987e-03
 6.08984e-03
 6.08983e-03
 6.08985e-03
 6.08989e-03
 6.08996e-03
 6.09007e-03
 6.09023e-03
 6.09044e-03
 6.09072e-03
 6.09108e-03
 6.09153e-03
 6.09209e-03
 6.09276e-03
 6.09358e-03
 6.09454e-03
 6.09567e-03
 6.09699e-03
 6.09850e-03
 6.10022e-03
 6.10215e-03
 6.10429e-03
 6.10663e-03
 6.10913e-03
 6.11175e-03
 6.11443e-03
 6.11705e-03
 6.11949e-03
 6.12155e-03
 6.12299e-03
 6.12348e-03
 6.12262e-03
 6.11989e-03
 6.11466e-03
 6.10612e-03
 6.09332e-03
 6.07508e-03
 6.05000e-03
 6.01639e-03
 5.97227e-03
 5.91530e-03
 5.84277e-03
 5.75157e-03
 5.63812e-03
 5.49845e-03
 5.32811e-03
 5.12233e-03
 4.87604e-03
 4.58413e-03
 4.24172e-03
 3.84459e-03
 3.38987e-03
 2.87684e-03
 2.30806e-03
 1.69073e-03
 1.03823e-03
 3.71677e-04
-2.78658e-04
-8.72798e-04
-1.36233e-03
-1.69554e-03
-1.83322e-03
-1.84981e-03
 5.55826e-03
 5.55445e-03
 5.54888e-03
 5.54604e-03
 5.54428e-03
 5.54315e-03
 5.54237e-03
 5.54180e-03
 5.54135e-03
 5.54099e-03
 5.54068e-03
 5.54041e-03
 5.54016e-03
 5.53993e-03
 5.53972e-03
 5.53952e-03
 5.53933e-03
 5.53914e-03
 5.53897e-03
 5.53880e-03
 5.53864e-03
 5.53848e-03
 5.53833e-03
 5.53819e-03
 5.53805e-03
 5.53792e-03
 5.53779e-03
 5.53766e-03
 5.53754e-03
 5.53742e-03
 5.53730e-03
 5.53719e-03
 5.53708e-03
 5.53698e-03
 5.53687e-03
 5.53677e-03
 5.53667e-03
 5.53658e-03
 5.53648e-03
 5.53639e-03
 5.53630e-03
 5.53621e-03
 5.53612e-03
 5.53604e-03
 5.53595e-03
 5.53587e-03
 5.53578e-03
 5.53570e-03
 5.53562e-03
 5.53554e-03
 5.53546e-03
 5.53539e-03
 5.53531e-03
 5.53524e-03
 5.53518e-03
 5.53512e-03
 5.53506e-03
 5.53502e-03
 5.53498e-03
 5.53496e-03
 5.53496e-03
 5.53497e-03
 5.53501e-03
 5.53508e-03
 5.53519e-03
 5.53534e-03
 5.53554e-03
 5.53580e-03
 5.53613e-03
 5.53654e-03
 5.53705e-03
 5.53766e-03
 5.53839e-03
 5.53925e-03
 5.54026e-03
 5.54143e-03
 5.54276e-03
 5.54426e-03
 5.54593e-03
 5.54776e-03
 5.54974e-03
 5.55183e-03
 5.55399e-03
 5.55613e-03
 5.55816e-03
 5.55993e-03
 5.56128e-03
 5.56195e-03
 5.56163e-03
 5.55996e-03
 5.55643e-03
 5.55045e-03
 5.54128e-03
 5.52805e-03
 5.50967e-03
 5.48486e-03
 5.45211e-03
 5.40963e-03
 5.35533e-03
 5.28682e-03
 5.20133e-03
 5.09577e-03
 4.96666e-03
 4.81019e-03
 4.62227e-03
 4.39863e-03
 4.13499e-03
 3.82729e-03
 3.47214e-03
 3.06724e-03
 2.61219e-03
 2.10929e-03
 1.56465e-03
 9.89374e-04
 4.00740e-04
-1.76913e-04
-7.11921e-04
-1.16612e-03
-1.49650e-03
-1.65553e-03
-1.68595e-03
 4.43691e-03
 4.43747e-03
 4.43755e-03
 4.43637e-03
 4.43503e-03
 4.43389e-03
 4.43300e-03
 4.43229e-03
 4.43173e-03
 4.43127e-03
 4.43088e-03
 4.43054e-03
 4.43025e-03
 4.42998e-03
 4.42974e-03
 4.42952e-03
 4.42931e-03
 4.42912e-03
 4.42894e-03
 4.42876e-03
 4.42860e-03
 4.42845e-03
 4.42830e-03
 4.42816e-03
 4.42802e-03
 4.42789e-03
 4.42776e-03
 4.42764e-03
 4.42753e-03
 4.42741e-03
 4.42731e-03
 4.42720e-03
 4.42710e-03
 4.42700e-03
 4.42690e-03
 4.42681e-03
 4.42672e-03
 4.42663e-03
 4.42654e-03
 4.42645e-03
 4.42637e-03
 4.42629e-03
 4.42621e-03
 4.42613e-03
 4.42605e-03
 4.42597e-03
 4.42590e-03
 4.42582e-03
 4.42575e-03
 4.42568e-03
 4.42561e-03
 4.42554e-03
 4.42548e-03
 4.42542e-03
 4.42536e-03
 4.42531e-03
 4.42526e-03
 4.42523e-03
 4.42520e-03
 4.42518e-03
 4.42518e-03
 4.42519e-03
 4.42522e-03
 4.42528e-03
 4.42537e-03
 4.42549e-03
 4.42565e-03
 4.42586e-03
 4.42612e-03
 4.42645e-03
 4.42684e-03
 4.42731e-03
 4.42787e-03
 4.42852e-03
 4.42927e-03
 4.43013e-03
 4.43109e-03
 4.43216e-03
 4.43333e-03
 4.43458e-03
 4.43590e-03
 4.43724e-03
 4.43855e-03
 4.43977e-03
 4.44079e-03
 4.44150e-03
 4.44172e-03
 4.44124e-03
 4.43982e-03
 4.43711e-03
 4.43272e-03
 4.42616e-03
 4.41684e-03
 4.40404e-03
 4.38693e-03
 4.36449e-03
 4.33558e-03
 4.29882e-03
 4.25266e-03
 4.19533e-03
 4.12482e-03
 4.03889e-03
 3.93508e-03
 3.81073e-03
 3.66300e-03
 3.48895e-03
 3.28566e-03
 3.05034e-03
 2.78057e-03
 2.47456e-03
 2.13161e-03
 1.75253e-03
 1.34031e-03
 9.00830e-04
 4.43567e-04
-1.76960e-05
-4.64174e-04
-8.70616e-04
-1.20008e-03
-1.38559e-03
-1.43122e-03
 3.32291e-03
 3.32348e-03
 3.32435e-03
 3.32453e-03
 3.32410e-03
 3.32346e-03
 3.32281e-03
 3.32221e-03
 3.32169e-03
 3.32124e-03
 3.32084e-03
 3.32049e-03
 3.32019e-03
 3.31991e-03
 3.31966e-03
 3.31944e-03
 3.31923e-03
 3.31903e-03
 3.31885e-03
 3.31868e-03
 3.31852e-03
 3.31837e-03
 3.31823e-03
 3.31809e-03
 3.31796e-03
 3.31784e-03
 3.31772e-03
 3.31761e-03
 3.31750e-03
 3.31739e-03
 3.31729e-03
 3.31719e-03
 3.31710e-03
 3.31701e-03
 3.31692e-03
 3.31683e-03
 3.31674e-03
 3.31666e-03
 3.31658e-03
 3.31650e-03
 3.31643e-03
 3.31635e-03
 3.31628e-03
 3.31621e-03
 3.31614e-03
 3.31607e-03
 3.31600e-03
 3.31594e-03
 3.31587e-03
 3.31581e-03
 3.31575e-03
 3.31569e-03
 3.31563e-03
 3.31558e-03
 3.31553e-03
 3.31548e-03
 3.31544e-03
 3.31540e-03
 3.31537e-03
 3.31535e-03
 3.31534e-03
 3.31535e-03
 3.31536e-03
 3.31540e-03
 3.31545e-03
 3.31553e-03
 3.31563e-03
 3.31577e-03
 3.31594e-03
 3.31616e-03
 3.31642e-03
 3.31673e-03
 3.31709e-03
 3.31751e-03
 3.31800e-03
 3.31854e-03
 3.31915e-03
 3.31982e-03
 3.32053e-03
 3.32128e-03
 3.32204e-03
 3.32279e-03
 3.32347e-03
 3.32405e-03
 3.32443e-03
 3.32453e-03
 3.32422e-03
 3.32336e-03
 3.32174e-03
 3.31914e-03
 3.31528e-03
 3.30980e-03
 3.30230e-03
 3.29229e-03
 3.27920e-03
 3.26236e-03
 3.24100e-03
 3.21422e-03
 3.18102e-03
 3.14026e-03
 3.09065e-03
 3.03080e-03
 2.95913e-03
 2.87396e-03
 2.77344e-03
 2.65559e-03
 2.51829e-03
 2.35930e-03
 2.17626e-03
 1.96680e-03
 1.72860e-03
 1.45962e-03
 1.15852e-03
 8.25212e-04
 4.61889e-04
 7.44741e-05
-3.24890e-04
-7.13258e-04
-1.04768e-03
-1.24789e-03
-1.30139e-03
 2.21135e-03
 2.21166e-03
 2.21228e-03
 2.21271e-03
 2.21276e-03
 2.21254e-03
 2.21217e-03
 2.21176e-03
 2.21135e-03
 2.21097e-03
 2.21062e-03
 2.21030e-03
 2.21001e-03
 2.20974e-03
 2.20950e-03
 2.20928e-03
 2.20908e-03
 2.20889e-03
 2.20872e-03
 2.20856e-03
 2.20841e-03
 2.20826e-03
 2.20813e-03
 2.20800e-03
 2.20788e-03
 2.20777e-03
 2.20766e-03
 2.20755e-03
 2.20745e-03
 2.20735e-03
 2.20726e-03
 2.20717e-03
 2.20708e-03
 2.20700e-03
 2.20692e-03
 2.20684e-03
 2.20676e-03
 2.20669e-03
 2.20662e-03
 2.20655e-03
 2.20648e-03
 2.20641e-03
 2.20635e-03
 2.20628e-03
 2.20622e-03
 2.20616e-03
 2.20610e-03
 2.20604e-03
 2.20599e-03
 2.20593e-03
 2.20588e-03
 2.20582e-03
 2.20577e-03
 2.20573e-03
 2.20568e-03
 2.20563e-03
 2.20559e-03
 2.20556e-03
 2.20552e-03
 2.20549e-03
 2.20547e-03
 2.20545e-03
 2.20545e-03
 2.20545e-03
 2.20546e-03
 2.20548e-03
 2.20552e-03
 2.20557e-03
 2.20564e-03
 2.20573e-03
 2.20585e-03
 2.20599e-03
 2.20615e-03
 2.20635e-03
 2.20657e-03
 2.20682e-03
 2.20710e-03
 2.20740e-03
 2.20773e-03
 2.20806e-03
 2.20839e-03
 2.20871e-03
 2.20898e-03
 2.20917e-03
 2.20926e-03
 2.20918e-03
 2.20887e-03
 2.20826e-03
 2.20723e-03
 2.20568e-03
 2.20345e-03
 2.20038e-03
 2.19626e-03
 2.19084e-03
 2.18386e-03
 2.17498e-03
 2.16384e-03
 2.15002e-03
 2.13306e-03
 2.11242e-03
 2.08752e-03
 2.05769e-03
 2.02216e-03
 1.98004e-03
 1.93029e-03
 1.87160e-03
 1.80235e-03
 1.72043e-03
 1.62314e-03
 1.50698e-03
 1.36756e-03
 1.19962e-03
 9.97231e-04
 7.54615e-04
 4.67582e-04
 1.36156e-04
-2.31224e-04
-6.11321e-04
-9.57245e-04
-1.18915e-03
-1.26429e-03
 1.10035e-03
 1.10053e-03
 1.10094e-03
 1.10132e-03
 1.10152e-03
 1.10152e-03
 1.10137e-03
 1.10112e-03
 1.10084e-03
 1.10055e-03
 1.10026e-03
 1.09999e-03
 1.09973e-03
 1.09949e-03
 1.09927e-03
 1.09907e-03
 1.09888e-03
 1.09871e-03
 1.09855e-03
 1.09840e-03
 1.09826e-03
 1.09813e-03
 1.09800e-03
 1.09789e-03
 1.09778e-03
 1.09767e-03
 1.09757e-03
 1.09748e-03
 1.09739e-03
 1.09730e-03
 1.09722e-03
 1.09713e-03
 1.09706e-03
 1.09698e-03
 1.09691e-03
 1.09684e-03
 1.09677e-03
 1.09671e-03
 1.09664e-03
 1.09658e-03
 1.09652e-03
 1.09646e-03
 1.09641e-03
 1.09635e-03
 1.09630e-03
 1.09624e-03
 1.09619e-03
 1.09614e-03
 1.09609e-03
 1.09604e-03
 1.09600e-03
 1.09595e-03
 1.09590e-03
 1.09586e-03
 1.09582e-03
 1.09577e-03
 1.09573e-03
 1.09569e-03
 1.09565e-03
 1.09560e-03
 1.09556e-03
 1.09553e-03
 1.09549e-03
 1.09545e-03
 1.09541e-03
 1.09537e-03
 1.09534e-03
 1.09530e-03
 1.09527e-03
 1.09523e-03
 1.09520e-03
 1.09517e-03
 1.09515e-03
 1.09512e-03
 1.09510e-03
 1.09509e-03
 1.09508e-03
 1.09507e-03
 1.09508e-03
 1.09509e-03
 1.09511e-03
 1.09514e-03
 1.09519e-03
 1.09524e-03
 1.09532e-03
 1.09542e-03
 1.09553e-03
 1.09567e-03
 1.09584e-03
 1.09603e-03
 1.09627e-03
 1.09654e-03
 1.09687e-03
 1.09726e-03
 1.09773e-03
 1.09830e-03
 1.09901e-03
 1.09988e-03
 1.10096e-03
 1.10228e-03
 1.10387e-03
 1.10572e-03
 1.10778e-03
 1.10983e-03
 1.11147e-03
 1.11197e-03
 1.11003e-03
 1.10363e-03
 1.08963e-03
 1.06347e-03
 1.01884e-03
 9.47436e-04
 8.39147e-04
 6.82844e-04
 4.68314e-04
 1.89772e-04
-1.48694e-04
-5.25949e-04
-8.96378e-04
-1.18601e-03
-1.29957e-03
-1.03999e-05
-1.02871e-05
-1.00192e-05
-9.72854e-06
-9.51618e-06
-9.42806e-06
-9.45942e-06
-9.58063e-06
-9.75878e-06
-9.96738e-06
-1.01879e-05
-1.04087e-05
-1.06226e-05
-1.08261e-05
-1.10173e-05
-1.11959e-05
-1.13622e-05
-1.15168e-05
-1.16607e-05
-1.17947e-05
-1.19199e-05
-1.20371e-05
-1.21471e-05
-1.22507e-05
-1.23485e-05
-1.24411e-05
-1.25291e-05
-1.26128e-05
-1.26927e-05
-1.27691e-05
-1.28422e-05
-1.29124e-05
-1.29799e-05
-1.30449e-05
-1.31075e-05
-1.31680e-05
-1.32264e-05
-1.32829e-05
-1.33376e-05
-1.33906e-05
-1.34421e-05
-1.34920e-05
-1.35406e-05
-1.35879e-05
-1.36340e-05
-1.36790e-05
-1.37230e-05
-1.37661e-05
-1.38086e-05
-1.38505e-05
-1.38921e-05
-1.39335e-05
-1.39751e-05
-1.40171e-05
-1.40600e-05
-1.41040e-05
-1.41498e-05
-1.41979e-05
-1.42489e-05
-1.43036e-05
-1.43628e-05
-1.44276e-05
-1.44988e-05
-1.45778e-05
-1.46657e-05
-1.47640e-05
-1.48738e-05
-1.49967e-05
-1.51341e-05
-1.52870e-05
-1.54566e-05
-1.56434e-05
-1.58476e-05
-1.60685e-05
-1.63046e-05
-1.65528e-05
-1.68084e-05
-1.70643e-05
-1.73107e-05
-1.75340e-05
-1.77164e-05
-1.78344e-05
-1.78579e-05
-1.77489e-05
-1.74594e-05
-1.69301e-05
-1.60880e-05
-1.48440e-05
-1.30900e-05
-1.06961e-05
-7.50687e-06
-3.33767e-06
 2.02954e-06
 8.85060e-06
 1.74236e-05
 2.80930e-05
 4.12534e-05
 5.73511e-05
 7.68833e-05
 1.00392e-04
 1.28448e-04
 1.61628e-04
 2.00461e-04
 2.45359e-04
 2.96496e-04
 3.53643e-04
 4.15916e-04
 4.81454e-04
 5.46985e-04
 6.07312e-04
 6.54767e-04
 6.78741e-04
 6.65561e-04
 5.99106e-04
 4.62763e-04
 2.43384e-04
-6.23949e-05
-4.40039e-04
-8.49538e-04
-1.22273e-03
-1.39002e-03
-1.12102e-03
-1.12094e-03
-1.12076e-03
-1.12055e-03
-1.12037e-03
-1.12026e-03
-1.12024e-03
-1.12028e-03
-1.12039e-03
-1.12053e-03
-1.12069e-03
-1.12086e-03
-1.12103e-03
-1.12119e-03
-1.12135e-03
-1.12150e-03
-1.12164e-03
-1.12178e-03
-1.12190e-03
-1.12201e-03
-1.12212e-03
-1.12222e-03
-1.12232e-03
-1.12241e-03
-1.12249e-03
-1.12257e-03
-1.12264e-03
-1.12272e-03
-1.12278e-03
-1.12285e-03
-1.12291e-03
-1.12297e-03
-1.12303e-03
-1.12308e-03
-1.12313e-03
-1.12318e-03
-1.12323e-03
-1.12328e-03
-1.12333e-03
-1.12337e-03
-1.12341e-03
-1.12345e-03
-1.12349e-03
-1.12353e-03
-1.12357e-03
-1.12361e-03
-1.12364e-03
-1.12368e-03
-1.12372e-03
-1.12375e-03
-1.12379e-03
-1.12382e-03
-1.12386e-03
-1.12390e-03
-1.12394e-03
-1.12399e-03
-1.12404e-03
-1.12409e-03
-1.12415e-03
-1.12422e-03
-1.12430e-03
-1.12439e-03
-1.12449e-03
-1.12461e-03
-1.12475e-03
-1.12490e-03
-1.12508e-03
-1.12529e-03
-1.12552e-03
-1.12578e-03
-1.12608e-03
-1.12641e-03
-1.12677e-03
-1.12716e-03
-1.12758e-03
-1.12802e-03
-1.12848e-03
-1.12893e-03
-1.12936e-03
-1.12974e-03
-1.13004e-03
-1.13020e-03
-1.13018e-03
-1.12989e-03
-1.12924e-03
-1.12811e-03
-1.12637e-03
-1.12384e-03
-1.12031e-03
-1.11553e-03
-1.10920e-03
-1.10098e-03
-1.09045e-03
-1.07714e-03
-1.06049e-03
-1.03988e-03
-1.01458e-03
-9.83797e-04
-9.46638e-04
-9.02130e-04
-8.49239e-04
-7.86899e-04
-7.14058e-04
-6.29769e-04
-5.33306e-04
-4.24357e-04
-3.03283e-04
-1.71493e-04
-3.19405e-05
 1.10240e-04
 2.46969e-04
 3.66426e-04
 4.52425e-04
 4.84399e-04
 4.38738e-04
 2.92479e-04
 3.02154e-05
-3.45946e-04
-8.05888e-04
-1.28581e-03
-1.52063e-03
-2.23155e-03
-2.23150e-03
-2.23139e-03
-2.23124e-03
-2.23110e-03
-2.23100e-03
-2.23095e-03
-2.23096e-03
-2.23101e-03
-2.23110e-03
-2.23121e-03
-2.23134e-03
-2.23146e-03
-2.23159e-03
-2.23172e-03
-2.23184e-03
-2.23195e-03
-2.23206e-03
-2.23216e-03
-2.23226e-03
-2.23235e-03
-2.23243e-03
-2.23251e-03
-2.23258e-03
-2.23265e-03
-2.23271e-03
-2.23277e-03
-2.23283e-03
-2.23289e-03
-2.23294e-03
-2.23299e-03
-2.23304e-03
-2.23308e-03
-2.23313e-03
-2.23317e-03
-2.23321e-03
-2.23325e-03
-2.23328e-03
-2.23332e-03
-2.23336e-03
-2.23339e-03
-2.23342e-03
-2.23345e-03
-2.23348e-03
-2.23351e-03
-2.23354e-03
-2.23357e-03
-2.23360e-03
-2.23363e-03
-2.23366e-03
-2.23369e-03
-2.23372e-03
-2.23376e-03
-2.23379e-03
-2.23383e-03
-2.23388e-03
-2.23393e-03
-2.23399e-03
-2.23406e-03
-2.23414e-03
-2.23424e-03
-2.23435e-03
-2.23448e-03
-2.23464e-03
-2.23481e-03
-2.23502e-03
-2.23526e-03
-2.23554e-03
-2.23585e-03
-2.23621e-03
-2.23661e-03
-2.23706e-03
-2.23755e-03
-2.23809e-03
-2.23866e-03
-2.23925e-03
-2.23986e-03
-2.24046e-03
-2.24102e-03
-2.24150e-03
-2.24184e-03
-2.24199e-03
-2.24184e-03
-2.24130e-03
-2.24022e-03
-2.23844e-03
-2.23575e-03
-2.23191e-03
-2.22661e-03
-2.21949e-03
-2.21015e-03
-2.19807e-03
-2.18269e-03
-2.16333e-03
-2.13924e-03
-2.10954e-03
-2.07325e-03
-2.02927e-03
-1.97639e-03
-1.91329e-03
-1.83858e-03
-1.75078e-03
-1.64842e-03
-1.53007e-03
-1.39449e-03
-1.24080e-03
-1.06869e-03
-8.78805e-04
-6.73249e-04
-4.56262e-04
-2.35149e-04
-2.14415e-05
 1.67807e-04
 3.08893e-04
 3.71300e-04
 3.19952e-04
 1.21916e-04
-2.41009e-04
-7.55389e-04
-1.36200e-03
-1.67778e-03
-3.34204e-03
-3.34201e-03
-3.34193e-03
-3.34183e-03
-3.34173e-03
-3.34165e-03
-3.34161e-03
-3.34160e-03
-3.34162e-03
-3.34168e-03
-3.34175e-03
-3.34183e-03
-3.34192e-03
-3.34202e-03
-3.34211e-03
-3.34220e-03
-3.34229e-03
-3.34237e-03
-3.34245e-03
-3.34252e-03
-3.34258e-03
-3.34265e-03
-3.34271e-03
-3.34276e-03
-3.34281e-03
-3.34286e-03
-3.34291e-03
-3.34295e-03
-3.34299e-03
-3.34303e-03
-3.34307e-03
-3.34311e-03
-3.34314e-03
-3.34318e-03
-3.34321e-03
-3.34324e-03
-3.34327e-03
-3.34329e-03
-3.34332e-03
-3.34335e-03
-3.34337e-03
-3.34339e-03
-3.34342e-03
-3.34344e-03
-3.34346e-03
-3.34348e-03
-3.34350e-03
-3.34352e-03
-3.34355e-03
-3.34357e-03
-3.34360e-03
-3.34362e-03
-3.34365e-03
-3.34369e-03
-3.34373e-03
-3.34377e-03
-3.34383e-03
-3.34389e-03
-3.34397e-03
-3.34406e-03
-3.34417e-03
-3.34430e-03
-3.34445e-03
-3.34464e-03
-3.34485e-03
-3.34510e-03
-3.34539e-03
-3.34572e-03
-3.34610e-03
-3.34654e-03
-3.34703e-03
-3.34757e-03
-3.34816e-03
-3.34881e-03
-3.34949e-03
-3.35021e-03
-3.35093e-03
-3.35163e-03
-3.35227e-03
-3.35280e-03
-3.35315e-03
-3.35323e-03
-3.35294e-03
-3.35213e-03
-3.35063e-03
-3.34823e-03
-3.34466e-03
-3.33963e-03
-3.33274e-03
-3.32356e-03
-3.31157e-03
-3.29616e-03
-3.27660e-03
-3.25210e-03
-3.22170e-03
-3.18436e-03
-3.13890e-03
-3.08399e-03
-3.01818e-03
-2.93993e-03
-2.84753e-03
-2.73924e-03
-2.61326e-03
-2.46778e-03
-2.30113e-03
-2.11184e-03
-1.89887e-03
-1.66188e-03
-1.40167e-03
-1.12078e-03
-8.24501e-04
-5.22251e-04
-2.29550e-04
 2.94407e-05
 2.19330e-04
 2.92452e-04
 1.93041e-04
-1.28404e-04
-6.88062e-04
-1.43715e-03
-1.84796e-03
-4.45249e-03
-4.45248e-03
-4.45243e-03
-4.45237e-03
-4.45230e-03
-4.45225e-03
-4.45221e-03
-4.45220e-03
-4.45221e-03
-4.45224e-03
-4.45229e-03
-4.45234e-03
-4.45240e-03
-4.45246e-03
-4.45252e-03
-4.45258e-03
-4.45264e-03
-4.45269e-03
-4.45274e-03
-4.45279e-03
-4.45283e-03
-4.45288e-03
-4.45292e-03
-4.45295e-03
-4.45299e-03
-4.45302e-03
-4.45305e-03
-4.45308e-03
-4.45311e-03
-4.45314e-03
-4.45316e-03
-4.45319e-03
-4.45321e-03
-4.45323e-03
-4.45325e-03
-4.45327e-03
-4.45329e-03
-4.45331e-03
-4.45332e-03
-4.45334e-03
-4.45335e-03
-4.45337e-03
-4.45338e-03
-4.45340e-03
-4.45341e-03
-4.45342e-03
-4.45344e-03
-4.45345e-03
-4.45347e-03
-4.45349e-03
-4.45350e-03
-4.45353e-03
-4.45355e-03
-4.45358e-03
-4.45362e-03
-4.45367e-03
-4.45372e-03
-4.45379e-03
-4.45387e-03
-4.45397e-03
-4.45408e-03
-4.45423e-03
-4.45440e-03
-4.45460e-03
-4.45484e-03
-4.45512e-03
-4.45544e-03
-4.45582e-03
-4.45625e-03
-4.45674e-03
-4.45728e-03
-4.45789e-03
-4.45856e-03
-4.45928e-03
-4.46005e-03
-4.46084e-03
-4.46164e-03
-4.46240e-03
-4.46309e-03
-4.46364e-03
-4.46398e-03
-4.46399e-03
-4.46356e-03
-4.46252e-03
-4.46066e-03
-4.45775e-03
-4.45348e-03
-4.44749e-03
-4.43936e-03
-4.42857e-03
-4.41453e-03
-4.39654e-03
-4.37380e-03
-4.34538e-03
-4.31023e-03
-4.26717e-03
-4.21489e-03
-4.15192e-03
-4.07667e-03
-3.98743e-03
-3.88235e-03
-3.75951e-03
-3.61691e-03
-3.45252e-03
-3.26433e-03
-3.05044e-03
-2.80911e-03
-2.53899e-03
-2.23936e-03
-1.91055e-03
-1.55482e-03
-1.17763e-03
-7.90046e-04
-4.12372e-04
-7.96161e-05
 1.52073e-04
 2.02076e-04
-2.38836e-05
-5.95834e-04
-1.49483e-03
-2.01581e-03
-5.56293e-03
-5.56292e-03
-5.56290e-03
-5.56287e-03
-5.56284e-03
-5.56281e-03
-5.56279e-03
-5.56279e-03
-5.56279e-03
-5.56280e-03
-5.56282e-03
-5.56285e-03
-5.56288e-03
-5.56291e-03
-5.56294e-03
-5.56296e-03
-5.56299e-03
-5.56302e-03
-5.56305e-03
-5.56307e-03
-5.56309e-03
-5.56311e-03
-5.56313e-03
-5.56315e-03
-5.56317e-03
-5.56319e-03
-5.56320e-03
-5.56322e-03
-5.56323e-03
-5.56324e-03
-5.56326e-03
-5.56327e-03
-5.56328e-03
-5.56329e-03
-5.56330e-03
-5.56331e-03
-5.56332e-03
-5.56332e-03
-5.56333e-03
-5.56334e-03
-5.56334e-03
-5.56335e-03
-5.56335e-03
-5.56336e-03
-5.56337e-03
-5.56337e-03
-5.56338e-03
-5.56338e-03
-5.56339e-03
-5.56340e-03
-5.56342e-03
-5.56343e-03
-5.56345e-03
-5.56348e-03
-5.56351e-03
-5.56355e-03
-5.56361e-03
-5.56367e-03
-5.56375e-03
-5.56385e-03
-5.56398e-03
-5.56412e-03
-5.56430e-03
-5.56451e-03
-5.56477e-03
-5.56506e-03
-5.56541e-03
-5.56581e-03
-5.56626e-03
-5.56678e-03
-5.56737e-03
-5.56802e-03
-5.56873e-03
-5.56949e-03
-5.57030e-03
-5.57114e-03
-5.57198e-03
-5.57277e-03
-5.57349e-03
-5.57404e-03
-5.57436e-03
-5.57432e-03
-5.57379e-03
-5.57258e-03
-5.57049e-03
-5.56724e-03
-5.56251e-03
-5.55590e-03
-5.54697e-03
-5.53516e-03
-5.51982e-03
-5.50021e-03
-5.47548e-03
-5.44463e-03
-5.40657e-03
-5.36004e-03
-5.30366e-03
-5.23592e-03
-5.15516e-03
-5.05962e-03
-4.94742e-03
-4.81660e-03
-4.66512e-03
-4.49088e-03
-4.29178e-03
-4.06567e-03
-3.81040e-03
-3.52384e-03
-3.20391e-03
-2.84878e-03
-2.45725e-03
-2.02967e-03
-1.56996e-03
-1.08945e-03
-6.14122e-04
-1.96804e-04
 6.61635e-05
 2.59824e-05
-4.80382e-04
-1.51549e-03
-2.16197e-03
-6.67336e-03
-6.67336e-03
-6.67336e-03
-6.67336e-03
-6.67336e-03
-6.67336e-03
-6.67336e-03
-6.67336e-03
-6.67336e-03
-6.67336e-03
-6.67336e-03
-6.67336e-03
-6.67336e-03
-6.67336e-03
-6.67336e-03
-6.67336e-03
-6.67336e-03
-6.67336e-03
-6.67336e-03
-6.67336e-03
-6.67336e-03
-6.67336e-03
-6.67336e-03
-6.67336e-03
-6.67336e-03
-6.67336e-03
-6.67335e-03
-6.67335e-03
-6.67335e-03
-6.67335e-03
-6.67335e-03
-6.67335e-03
-6.67335e-03
-6.67335e-03
-6.67335e-03
-6.67335e-03
-6.67334e-03
-6.67334e-03
-6.67334e-03
-6.67334e-03
-6.67333e-03
-6.67333e-03
-6.67333e-03
-6.67332e-03
-6.67332e-03
-6.67332e-03
-6.67332e-03
-6.67332e-03
-6.67332e-03
-6.67332e-03
-6.67333e-03
-6.67334e-03
-6.67335e-03
-6.67337e-03
-6.67340e-03
-6.67344e-03
-6.67349e-03
-6.67355e-03
-6.67362e-03
-6.67372e-03
-6.67384e-03
-6.67399e-03
-6.67416e-03
-6.67438e-03
-6.67463e-03
-6.67493e-03
-6.67528e-03
-6.67568e-03
-6.67614e-03
-6.67667e-03
-6.67726e-03
-6.67792e-03
-6.67864e-03
-6.67942e-03
-6.68024e-03
-6.68109e-03
-6.68194e-03
-6.68274e-03
-6.68346e-03
-6.68401e-03
-6.68431e-03
-6.68425e-03
-6.68367e-03
-6.68240e-03
-6.68022e-03
-6.67684e-03
-6.67194e-03
-6.66511e-03
-6.65589e-03
-6.64372e-03
-6.62793e-03
-6.60777e-03
-6.58238e-03
-6.55075e-03
-6.51177e-03
-6.46420e-03
-6.40665e-03
-6.33763e-03
-6.25552e-03
-6.15861e-03
-6.04511e-03
-5.91314e-03
-5.76080e-03
-5.58617e-03
-5.38726e-03
-5.16205e-03
-4.90840e-03
-4.62393e-03
-4.30588e-03
-3.95094e-03
-3.55512e-03
-3.11393e-03
-2.62317e-03
-2.08155e-03
-1.49689e-03
-9.00118e-04
-3.73637e-04
-9.91950e-05
-3.81572e-04
-1.47907e-03
-2.25071e-03
-7.78378e-03
-7.78379e-03
-7.78381e-03
-7.78384e-03
-7.78388e-03
-7.78390e-03
-7.78392e-03
-7.78393e-03
-7.78392e-03
-7.78391e-03
-7.78389e-03
-7.78387e-03
-7.78384e-03
-7.78381e-03
-7.78378e-03
-7.78375e-03
-7.78372e-03
-7.78369e-03
-7.78367e-03
-7.78364e-03
-7.78362e-03
-7.78360e-03
-7.78358e-03
-7.78356e-03
-7.78354e-03
-7.78352e-03
-7.78351e-03
-7.78349e-03
-7.78348e-03
-7.78346e-03
-7.78345e-03
-7.78343e-03
-7.78342e-03
-7.78341e-03
-7.78340e-03
-7.78338e-03
-7.78337e-03
-7.78336e-03
-7.78335e-03
-7.78334e-03
-7.78332e-03
-7.78331e-03
-7.78330e-03
-7.78329e-03
-7.78328e-03
-7.78327e-03
-7.78326e-03
-7.78325e-03
-7.78325e-03
-7.78324e-03
-7.78324e-03
-7.78324e-03
-7.78325e-03
-7.78326e-03
-7.78329e-03
-7.78331e-03
-7.78336e-03
-7.78341e-03
-7.78348e-03
-7.78357e-03
-7.78368e-03
-7.78381e-03
-7.78398e-03
-7.78418e-03
-7.78442e-03
-7.78471e-03
-7.78504e-03
-7.78543e-03
-7.78588e-03
-7.78639e-03
-7.78697e-03
-7.78760e-03
-7.78830e-03
-7.78906e-03
-7.78986e-03
-7.79069e-03
-7.79151e-03
-7.79230e-03
-7.79300e-03
-7.79354e-03
-7.79384e-03
-7.79379e-03
-7.79323e-03
-7.79201e-03
-7.78988e-03
-7.78660e-03
-7.78184e-03
-7.77521e-03
-7.76624e-03
-7.75439e-03
-7.73904e-03
-7.71944e-03
-7.69475e-03
-7.66401e-03
-7.62616e-03
-7.58001e-03
-7.52424e-03
-7.45746e-03
-7.37816e-03
-7.28479e-03
-7.17572e-03
-7.04934e-03
-6.90403e-03
-6.73823e-03
-6.55042e-03
-6.33906e-03
-6.10257e-03
-5.83910e-03
-5.54627e-03
-5.22071e-03
-4.85752e-03
-4.44954e-03
-3.98674e-03
-3.45626e-03
-2.84459e-03
-2.14589e-03
-1.38719e-03
-6.97373e-04
-4.67252e-04
-1.40272e-03
-2.26625e-03
-8.89422e-03
-8.89424e-03
-8.89428e-03
-8.89435e-03
-8.89441e-03
-8.89446e-03
-8.89450e-03
-8.89451e-03
-8.89450e-03
-8.89447e-03
-8.89443e-03
-8.89438e-03
-8.89432e-03
-8.89426e-03
-8.89420e-03
-8.89414e-03
-8.89408e-03
-8.89402e-03
-8.89397e-03
-8.89392e-03
-8.89388e-03
-8.89384e-03
-8.89380e-03
-8.89376e-03
-8.89372e-03
-8.89369e-03
-8.89366e-03
-8.89363e-03
-8.89360e-03
-8.89357e-03
-8.89354e-03
-8.89352e-03
-8.89349e-03
-8.89347e-03
-8.89345e-03
-8.89342e-03
-8.89340e-03
-8.89338e-03
-8.89336e-03
-8.89334e-03
-8.89332e-03
-8.89330e-03
-8.89328e-03
-8.89326e-03
-8.89324e-03
-8.89322e-03
-8.89320e-03
-8.89319e-03
-8.89318e-03
-8.89316e-03
-8.89315e-03
-8.89315e-03
-8.89315e-03
-8.89315e-03
-8.89317e-03
-8.89319e-03
-8.89322e-03
-8.89326e-03
-8.89332e-03
-8.89339e-03
-8.89349e-03
-8.89361e-03
-8.89376e-03
-8.89394e-03
-8.89415e-03
-8.89441e-03
-8.89472e-03
-8.89507e-03
-8.89548e-03
-8.89595e-03
-8.89648e-03
-8.89707e-03
-8.89772e-03
-8.89842e-03
-8.89917e-03
-8.89994e-03
-8.90071e-03
-8.90145e-03
-8.90212e-03
-8.90264e-03
-8.90295e-03
-8.90293e-03
-8.90246e-03
-8.90137e-03
-8.89946e-03
-8.89649e-03
-8.89216e-03
-8.88611e-03
-8.87791e-03
-8.86706e-03
-8.85298e-03
-8.83499e-03
-8.81232e-03
-8.78409e-03
-8.74933e-03
-8.70696e-03
-8.65580e-03
-8.59460e-03
-8.52206e-03
-8.43683e-03
-8.33759e-03
-8.22306e-03
-8.09206e-03
-7.94359e-03
-7.77680e-03
-7.59107e-03
-7.38589e-03
-7.16079e-03
-6.91499e-03
-6.64692e-03
-6.35348e-03
-6.02881e-03
-5.66269e-03
-5.23837e-03
-4.73014e-03
-4.10183e-03
-3.31224e-03
-2.35030e-03
-1.40783e-03
-1.48285e-03
-1.97864e-03
-1.00047e-02
-1.00047e-02
-1.00048e-02
-1.00049e-02
-1.00050e-02
-1.00051e-02
-1.00051e-02
-1.00051e-02
-1.00051e-02
-1.00050e-02
-1.00050e-02
-1.00049e-02
-1.00048e-02
-1.00047e-02
-1.00046e-02
-1.00045e-02
-1.00044e-02
-1.00043e-02
-1.00043e-02
-1.00042e-02
-1.00041e-02
-1.00041e-02
-1.00040e-02
-1.00040e-02
-1.00039e-02
-1.00038e-02
-1.00038e-02
-1.00038e-02
-1.00037e-02
-1.00037e-02
-1.00036e-02
-1.00036e-02
-1.00036e-02
-1.00035e-02
-1.00035e-02
-1.00035e-02
-1.00034e-02
-1.00034e-02
-1.00034e-02
-1.00033e-02
-1.00033e-02
-1.00033e-02
-1.00032e-02
-1.00032e-02
-1.00032e-02
-1.00032e-02
-1.00031e-02
-1.00031e-02
-1.00031e-02
-1.00031e-02
-1.00031e-02
-1.00031e-02
-1.00030e-02
-1.00030e-02
-1.00030e-02
-1.00031e-02
-1.00031e-02
-1.00031e-02
-1.00031e-02
-1.00032e-02
-1.00033e-02
-1.00034e-02
-1.00035e-02
-1.00036e-02
-1.00038e-02
-1.00040e-02
-1.00043e-02
-1.00046e-02
-1.00050e-02
-1.00054e-02
-1.00058e-02
-1.00063e-02
-1.00069e-02
-1.00075e-02
-1.00082e-02
-1.00088e-02
-1.00095e-02
-1.00102e-02
-1.00108e-02
-1.00113e-02
-1.00116e-02
-1.00116e-02
-1.00113e-02
-1.00104e-02
-1.00089e-02
-1.00064e-02
-1.00027e-02
-9.99758e-03
-9.99060e-03
-9.98133e-03
-9.96928e-03
-9.95384e-03
-9.93436e-03
-9.91008e-03
-9.88017e-03
-9.84370e-03
-9.79968e-03
-9.74708e-03
-9.68482e-03
-9.61186e-03
-9.52721e-03
-9.43002e-03
-9.31964e-03
-9.19570e-03
-9.05826e-03
-8.90780e-03
-8.74535e-03
-8.57243e-03
-8.39092e-03
-8.20277e-03
-8.00937e-03
-7.81058e-03
-7.60314e-03
-7.37823e-03
-7.11771e-03
-6.78826e-03
-6.33247e-03
-5.66106e-03
-4.68559e-03
-4.01656e-03
-3.92007e-03
-1.11516e-03
-1.11521e-03
-1.11533e-03
-1.11548e-03
-1.11562e-03
-1.11572e-03
-1.11576e-03
-1.11575e-03
-1.11570e-03
-1.11561e-03
-1.11550e-03
-1.11538e-03
-1.11525e-03
-1.11512e-03
-1.11499e-03
-1.11487e-03
-1.11476e-03
-1.11465e-03
-1.11455e-03
-1.11446e-03
-1.11437e-03
-1.11429e-03
-1.11421e-03
-1.11413e-03
-1.11407e-03
-1.11400e-03
-1.11394e-03
-1.11388e-03
-1.11382e-03
-1.11377e-03
-1.11372e-03
-1.11367e-03
-1.11362e-03
-1.11358e-03
-1.11353e-03
-1.11349e-03
-1.11345e-03
-1.11341e-03
-1.11337e-03
-1.11333e-03
-1.11329e-03
-1.11326e-03
-1.11322e-03
-1.11319e-03
-1.11315e-03
-1.11312e-03
-1.11309e-03
-1.11306e-03
-1.11303e-03
-1.11300e-03
-1.11298e-03
-1.11296e-03
-1.11294e-03
-1.11293e-03
-1.11292e-03
-1.11291e-03
-1.11292e-03
-1.11293e-03
-1.11295e-03
-1.11299e-03
-1.11304e-03
-1.11311e-03
-1.11320e-03
-1.11331e-03
-1.11344e-03
-1.11361e-03
-1.11381e-03
-1.11404e-03
-1.11432e-03
-1.11464e-03
-1.11500e-03
-1.11541e-03
-1.11586e-03
-1.11636e-03
-1.11689e-03
-1.11745e-03
-1.11801e-03
-1.11857e-03
-1.11908e-03
-1.11951e-03
-1.11980e-03
-1.11989e-03
-1.11967e-03
-1.11905e-03
-1.11789e-03
-1.11601e-03
-1.11321e-03
-1.10925e-03
-1.10382e-03
-1.09659e-03
-1.08714e-03
-1.07502e-03
-1.05968e-03
-1.04053e-03
-1.01692e-03
-9.88114e-04
-9.53355e-04
-9.11856e-04
-8.62838e-04
-8.05577e-04
-7.39462e-04
-6.64086e-04
-5.79342e-04
-4.85562e-04
-3.83669e-04
-2.75357e-04
-1.63273e-04
-5.11973e-05
 5.58290e-05
 1.51459e-04
 2.28144e-04
 2.77446e-04
 2.90600e-04
 2.59331e-04
 1.76887e-04
 3.91882e-05
-1.53974e-04
-3.97628e-04
-6.80016e-04
-9.80597e-04
-1.13225e-03
 7.77430e-03
 7.77423e-03
 7.77405e-03
 7.77384e-03
 7.77366e-03
 7.77355e-03
 7.77352e-03
 7.77357e-03
 7.77367e-03
 7.77381e-03
 7.77397e-03
 7.77414e-03
 7.77431e-03
 7.77448e-03
 7.77464e-03
 7.77479e-03
 7.77493e-03
 7.77506e-03
 7.77519e-03
 7.77530e-03
 7.77541e-03
 7.77551e-03
 7.77560e-03
 7.77569e-03
 7.77578e-03
 7.77586e-03
 7.77593e-03
 7.77600e-03
 7.77607e-03
 7.77614e-03
 7.77620e-03
 7.77626e-03
 7.77632e-03
 7.77637e-03
 7.77643e-03
 7.77648e-03
 7.77653e-03
 7.77658e-03
 7.77663e-03
 7.77668e-03
 7.77672e-03
 7.77676e-03
 7.77681e-03
 7.77685e-03
 7.77689e-03
 7.77693e-03
 7.77697e-03
 7.77701e-03
 7.77704e-03
 7.77708e-03
 7.77711e-03
 7.77714e-03
 7.77717e-03
 7.77719e-03
 7.77721e-03
 7.77723e-03
 7.77724e-03
 7.77724e-03
 7.77724e-03
 7.77723e-03
 7.77721e-03
 7.77717e-03
 7.77712e-03
 7.77706e-03
 7.77697e-03
 7.77687e-03
 7.77674e-03
 7.77659e-03
 7.77640e-03
 7.77619e-03
 7.77594e-03
 7.77566e-03
 7.77535e-03
 7.77500e-03
 7.77463e-03
 7.77424e-03
 7.77383e-03
 7.77343e-03
 7.77306e-03
 7.77273e-03
 7.77250e-03
 7.77240e-03
 7.77250e-03
 7.77288e-03
 7.77362e-03
 7.77486e-03
 7.77672e-03
 7.77939e-03
 7.78306e-03
 7.78799e-03
 7.79445e-03
 7.80276e-03
 7.81330e-03
 7.82647e-03
 7.84274e-03
 7.86258e-03
 7.88650e-03
 7.91500e-03
 7.94855e-03
 7.98752e-03
 8.03213e-03
 8.08238e-03
 8.13786e-03
 8.19764e-03
 8.26004e-03
 8.32236e-03
 8.38056e-03
 8.42891e-03
 8.45953e-03
 8.46199e-03
 8.42286e-03
 8.32527e-03
 8.14840e-03
 7.86668e-03
 7.44808e-03
 6.85057e-03
 6.01558e-03
 4.86262e-03
 3.32505e-03
 2.05239e-03
 1.64982e-03
 6.66369e-03
 6.66357e-03
 6.66331e-03
 6.66302e-03
 6.66280e-03
 6.66271e-03
 6.66275e-03
 6.66287e-03
 6.66305e-03
 6.66325e-03
 6.66347e-03
 6.66370e-03
 6.66391e-03
 6.66411e-03
 6.66430e-03
 6.66448e-03
 6.66465e-03
 6.66480e-03
 6.66495e-03
 6.66508e-03
 6.66521e-03
 6.66532e-03
 6.66543e-03
 6.66554e-03
 6.66564e-03
 6.66573e-03
 6.66582e-03
 6.66590e-03
 6.66598e-03
 6.66606e-03
 6.66613e-03
 6.66620e-03
 6.66627e-03
 6.66634e-03
 6.66640e-03
 6.66646e-03
 6.66652e-03
 6.66658e-03
 6.66663e-03
 6.66669e-03
 6.66674e-03
 6.66679e-03
 6.66684e-03
 6.66689e-03
 6.66694e-03
 6.66698e-03
 6.66703e-03
 6.66707e-03
 6.66712e-03
 6.66716e-03
 6.66720e-03
 6.66724e-03
 6.66727e-03
 6.66731e-03
 6.66734e-03
 6.66737e-03
 6.66739e-03
 6.66742e-03
 6.66743e-03
 6.66745e-03
 6.66746e-03
 6.66746e-03
 6.66745e-03
 6.66743e-03
 6.66741e-03
 6.66737e-03
 6.66732e-03
 6.66726e-03
 6.66718e-03
 6.66709e-03
 6.66697e-03
 6.66684e-03
 6.66670e-03
 6.66653e-03
 6.66635e-03
 6.66616e-03
 6.66596e-03
 6.66576e-03
 6.66558e-03
 6.66542e-03
 6.66530e-03
 6.66526e-03
 6.66532e-03
 6.66551e-03
 6.66590e-03
 6.66655e-03
 6.66751e-03
 6.66890e-03
 6.67080e-03
 6.67335e-03
 6.67670e-03
 6.68100e-03
 6.68644e-03
 6.69323e-03
 6.70158e-03
 6.71172e-03
 6.72387e-03
 6.73821e-03
 6.75487e-03
 6.77389e-03
 6.79511e-03
 6.81812e-03
 6.84213e-03
 6.86576e-03
 6.88684e-03
 6.90207e-03
 6.90659e-03
 6.89352e-03
 6.85333e-03
 6.77308e-03
 6.63568e-03
 6.41912e-03
 6.09566e-03
 5.63126e-03
 4.98517e-03
 4.11097e-03
 2.96415e-03
 1.53922e-03
 4.45831e-05
-4.89577e-04
-3.07430e-04
 5.55294e-03
 5.55276e-03
 5.55235e-03
 5.55197e-03
 5.55177e-03
 5.55177e-03
 5.55192e-03
 5.55216e-03
 5.55245e-03
 5.55274e-03
 5.55303e-03
 5.55330e-03
 5.55356e-03
 5.55380e-03
 5.55401e-03
 5.55422e-03
 5.55440e-03
 5.55458e-03
 5.55474e-03
 5.55489e-03
 5.55503e-03
 5.55516e-03
 5.55528e-03
 5.55540e-03
 5.55551e-03
 5.55562e-03
 5.55572e-03
 5.55581e-03
 5.55590e-03
 5.55599e-03
 5.55607e-03
 5.55615e-03
 5.55623e-03
 5.55630e-03
 5.55638e-03
 5.55645e-03
 5.55651e-03
 5.55658e-03
 5.55664e-03
 5.55670e-03
 5.55676e-03
 5.55682e-03
 5.55688e-03
 5.55694e-03
 5.55699e-03
 5.55704e-03
 5.55709e-03
 5.55714e-03
 5.55719e-03
 5.55724e-03
 5.55729e-03
 5.55733e-03
 5.55738e-03
 5.55742e-03
 5.55746e-03
 5.55750e-03
 5.55755e-03
 5.55759e-03
 5.55762e-03
 5.55766e-03
 5.55770e-03
 5.55774e-03
 5.55777e-03
 5.55781e-03
 5.55784e-03
 5.55788e-03
 5.55791e-03
 5.55794e-03
 5.55798e-03
 5.55801e-03
 5.55805e-03
 5.55808e-03
 5.55812e-03
 5.55816e-03
 5.55821e-03
 5.55826e-03
 5.55831e-03
 5.55837e-03
 5.55844e-03
 5.55852e-03
 5.55861e-03
 5.55872e-03
 5.55884e-03
 5.55899e-03
 5.55916e-03
 5.55936e-03
 5.55959e-03
 5.55986e-03
 5.56017e-03
 5.56053e-03
 5.56092e-03
 5.56135e-03
 5.56181e-03
 5.56227e-03
 5.56270e-03
 5.56305e-03
 5.56322e-03
 5.56306e-03
 5.56236e-03
 5.56077e-03
 5.55780e-03
 5.55270e-03
 5.54436e-03
 5.53118e-03
 5.51078e-03
 5.47978e-03
 5.43333e-03
 5.36457e-03
 5.26400e-03
 5.11867e-03
 4.91135e-03
 4.61996e-03
 4.21744e-03
 3.67303e-03
 2.95654e-03
 2.04933e-03
 9.71916e-04
-1.45865e-04
-9.05007e-04
-5.81165e-04
-4.09506e-05
 4.44193e-03
 4.44163e-03
 4.44101e-03
 4.44058e-03
 4.44052e-03
 4.44075e-03
 4.44112e-03
 4.44153e-03
 4.44193e-03
 4.44232e-03
 4.44267e-03
 4.44299e-03
 4.44328e-03
 4.44354e-03
 4.44378e-03
 4.44400e-03
 4.44421e-03
 4.44439e-03
 4.44457e-03
 4.44473e-03
 4.44488e-03
 4.44502e-03
 4.44516e-03
 4.44528e-03
 4.44541e-03
 4.44552e-03
 4.44563e-03
 4.44574e-03
 4.44584e-03
 4.44593e-03
 4.44603e-03
 4.44611e-03
 4.44620e-03
 4.44628e-03
 4.44636e-03
 4.44644e-03
 4.44652e-03
 4.44659e-03
 4.44666e-03
 4.44673e-03
 4.44680e-03
 4.44686e-03
 4.44692e-03
 4.44699e-03
 4.44705e-03
 4.44710e-03
 4.44716e-03
 4.44722e-03
 4.44727e-03
 4.44732e-03
 4.44738e-03
 4.44743e-03
 4.44748e-03
 4.44753e-03
 4.44758e-03
 4.44764e-03
 4.44769e-03
 4.44775e-03
 4.44780e-03
 4.44786e-03
 4.44793e-03
 4.44800e-03
 4.44807e-03
 4.44816e-03
 4.44825e-03
 4.44836e-03
 4.44847e-03
 4.44861e-03
 4.44875e-03
 4.44892e-03
 4.44911e-03
 4.44933e-03
 4.44956e-03
 4.44983e-03
 4.45012e-03
 4.45045e-03
 4.45080e-03
 4.45117e-03
 4.45156e-03
 4.45197e-03
 4.45237e-03
 4.45276e-03
 4.45311e-03
 4.45339e-03
 4.45356e-03
 4.45357e-03
 4.45336e-03
 4.45285e-03
 4.45195e-03
 4.45052e-03
 4.44844e-03
 4.44551e-03
 4.44154e-03
 4.43627e-03
 4.42939e-03
 4.42056e-03
 4.40935e-03
 4.39526e-03
 4.37770e-03
 4.35596e-03
 4.32917e-03
 4.29628e-03
 4.25593e-03
 4.20641e-03
 4.14548e-03
 4.07012e-03
 3.97626e-03
 3.85829e-03
 3.70861e-03
 3.51691e-03
 3.26965e-03
 2.94985e-03
 2.53788e-03
 2.01470e-03
 1.36976e-03
 6.17838e-04
-1.69458e-04
-8.14704e-04
-1.01497e-03
-5.15978e-04
-7.32597e-05
 3.33038e-03
 3.32981e-03
 3.32894e-03
 3.32876e-03
 3.32918e-03
 3.32983e-03
 3.33048e-03
 3.33108e-03
 3.33160e-03
 3.33205e-03
 3.33245e-03
 3.33279e-03
 3.33310e-03
 3.33337e-03
 3.33362e-03
 3.33385e-03
 3.33406e-03
 3.33425e-03
 3.33444e-03
 3.33461e-03
 3.33476e-03
 3.33492e-03
 3.33506e-03
 3.33519e-03
 3.33532e-03
 3.33545e-03
 3.33557e-03
 3.33568e-03
 3.33579e-03
 3.33589e-03
 3.33599e-03
 3.33609e-03
 3.33618e-03
 3.33628e-03
 3.33636e-03
 3.33645e-03
 3.33653e-03
 3.33661e-03
 3.33669e-03
 3.33676e-03
 3.33684e-03
 3.33691e-03
 3.33698e-03
 3.33704e-03
 3.33711e-03
 3.33717e-03
 3.33723e-03
 3.33729e-03
 3.33735e-03
 3.33741e-03
 3.33747e-03
 3.33753e-03
 3.33758e-03
 3.33764e-03
 3.33770e-03
 3.33776e-03
 3.33782e-03
 3.33789e-03
 3.33796e-03
 3.33804e-03
 3.33813e-03
 3.33823e-03
 3.33834e-03
 3.33847e-03
 3.33862e-03
 3.33878e-03
 3.33898e-03
 3.33920e-03
 3.33946e-03
 3.33976e-03
 3.34010e-03
 3.34050e-03
 3.34094e-03
 3.34144e-03
 3.34201e-03
 3.34263e-03
 3.34332e-03
 3.34406e-03
 3.34485e-03
 3.34567e-03
 3.34650e-03
 3.34732e-03
 3.34808e-03
 3.34872e-03
 3.34918e-03
 3.34935e-03
 3.34911e-03
 3.34832e-03
 3.34678e-03
 3.34426e-03
 3.34048e-03
 3.33511e-03
 3.32772e-03
 3.31785e-03
 3.30492e-03
 3.28829e-03
 3.26718e-03
 3.24072e-03
 3.20792e-03
 3.16766e-03
 3.11866e-03
 3.05952e-03
 2.98865e-03
 2.90426e-03
 2.80433e-03
 2.68648e-03
 2.54792e-03
 2.38522e-03
 2.19410e-03
 1.96913e-03
 1.70359e-03
 1.38965e-03
 1.01966e-03
 5.89669e-04
 1.07234e-04
-3.94278e-04
-8.35303e-04
-1.07825e-03
-9.71225e-04
-4.84866e-04
-1.56621e-04
 2.21638e-03
 2.21582e-03
 2.21573e-03
 2.21692e-03
 2.21826e-03
 2.21939e-03
 2.22029e-03
 2.22099e-03
 2.22156e-03
 2.22202e-03
 2.22241e-03
 2.22274e-03
 2.22304e-03
 2.22331e-03
 2.22355e-03
 2.22377e-03
 2.22398e-03
 2.22417e-03
 2.22435e-03
 2.22452e-03
 2.22469e-03
 2.22484e-03
 2.22499e-03
 2.22513e-03
 2.22527e-03
 2.22540e-03
 2.22552e-03
 2.22564e-03
 2.22576e-03
 2.22587e-03
 2.22598e-03
 2.22608e-03
 2.22618e-03
 2.22628e-03
 2.22638e-03
 2.22647e-03
 2.22656e-03
 2.22664e-03
 2.22673e-03
 2.22681e-03
 2.22689e-03
 2.22696e-03
 2.22704e-03
 2.22711e-03
 2.22718e-03
 2.22725e-03
 2.22731e-03
 2.22738e-03
 2.22744e-03
 2.22750e-03
 2.22756e-03
 2.22762e-03
 2.22768e-03
 2.22775e-03
 2.22781e-03
 2.22788e-03
 2.22795e-03
 2.22802e-03
 2.22810e-03
 2.22820e-03
 2.22830e-03
 2.22842e-03
 2.22856e-03
 2.22872e-03
 2.22891e-03
 2.22913e-03
 2.22939e-03
 2.22970e-03
 2.23005e-03
 2.23047e-03
 2.23096e-03
 2.23152e-03
 2.23217e-03
 2.23291e-03
 2.23374e-03
 2.23469e-03
 2.23573e-03
 2.23689e-03
 2.23813e-03
 2.23947e-03
 2.24085e-03
 2.24227e-03
 2.24365e-03
 2.24492e-03
 2.24600e-03
 2.24675e-03
 2.24701e-03
 2.24657e-03
 2.24516e-03
 2.24246e-03
 2.23808e-03
 2.23153e-03
 2.22221e-03
 2.20945e-03
 2.19241e-03
 2.17015e-03
 2.14155e-03
 2.10535e-03
 2.06012e-03
 2.00427e-03
 1.93606e-03
 1.85363e-03
 1.75499e-03
 1.63816e-03
 1.50117e-03
 1.34219e-03
 1.15969e-03
 9.52599e-04
 7.20495e-04
 4.63914e-04
 1.84731e-04
-1.13184e-04
-4.22772e-04
-7.31505e-04
-1.01734e-03
-1.24278e-03
-1.35019e-03
-1.26936e-03
-9.56470e-04
-4.91233e-04
-2.42399e-04
 1.09503e-03
 1.09884e-03
 1.10441e-03
 1.10725e-03
 1.10900e-03
 1.11014e-03
 1.11092e-03
 1.11149e-03
 1.11193e-03
 1.11230e-03
 1.11261e-03
 1.11288e-03
 1.11313e-03
 1.11336e-03
 1.11357e-03
 1.11377e-03
 1.11396e-03
 1.11415e-03
 1.11432e-03
 1.11449e-03
 1.11465e-03
 1.11480e-03
 1.11495e-03
 1.11510e-03
 1.11524e-03
 1.11537e-03
 1.11550e-03
 1.11563e-03
 1.11575e-03
 1.11587e-03
 1.11598e-03
 1.11609e-03
 1.11620e-03
 1.11630e-03
 1.11640e-03
 1.11650e-03
 1.11659e-03
 1.11669e-03
 1.11678e-03
 1.11686e-03
 1.11695e-03
 1.11703e-03
 1.11711e-03
 1.11718e-03
 1.11726e-03
 1.11733e-03
 1.11740e-03
 1.11747e-03
 1.11753e-03
 1.11760e-03
 1.11766e-03
 1.11772e-03
 1.11779e-03
 1.11785e-03
 1.11791e-03
 1.11798e-03
 1.11805e-03
 1.11813e-03
 1.11822e-03
 1.11832e-03
 1.11843e-03
 1.11856e-03
 1.11871e-03
 1.11890e-03
 1.11911e-03
 1.11937e-03
 1.11968e-03
 1.12005e-03
 1.12048e-03
 1.12100e-03
 1.12160e-03
 1.12232e-03
 1.12315e-03
 1.12411e-03
 1.12521e-03
 1.12647e-03
 1.12789e-03
 1.12948e-03
 1.13123e-03
 1.13315e-03
 1.13520e-03
 1.13736e-03
 1.13958e-03
 1.14178e-03
 1.14385e-03
 1.14565e-03
 1.14700e-03
 1.14766e-03
 1.14731e-03
 1.14556e-03
 1.14193e-03
 1.13581e-03
 1.12649e-03
 1.11309e-03
 1.09455e-03
 1.06965e-03
 1.03694e-03
 9.94763e-04
 9.41229e-04
 8.74219e-04
 7.91405e-04
 6.90292e-04
 5.68286e-04
 4.22817e-04
 2.51525e-04
 5.25332e-05
-1.75155e-04
-4.31108e-04
-7.12710e-04
-1.01418e-03
-1.32530e-03
-1.62999e-03
-1.90473e-03
-2.11741e-03
-2.22755e-03
-2.18999e-03
-1.96564e-03
-1.54357e-03
-9.76351e-04
-4.35255e-04
-2.02215e-04
 5.31716e-04
 5.39693e-04
 5.50012e-04
 5.53399e-04
 5.55005e-04
 5.55911e-04
 5.56493e-04
 5.56912e-04
 5.57242e-04
 5.57520e-04
 5.57768e-04
 5.57995e-04
 5.58208e-04
 5.58410e-04
 5.58605e-04
 5.58792e-04
 5.58973e-04
 5.59148e-04
 5.59318e-04
 5.59482e-04
 5.59641e-04
 5.59796e-04
 5.59945e-04
 5.60090e-04
 5.60230e-04
 5.60366e-04
 5.60498e-04
 5.60626e-04
 5.60749e-04
 5.60870e-04
 5.60986e-04
 5.61099e-04
 5.61209e-04
 5.61316e-04
 5.61419e-04
 5.61520e-04
 5.61618e-04
 5.61712e-04
 5.61804e-04
 5.61894e-04
 5.61980e-04
 5.62064e-04
 5.62145e-04
 5.62224e-04
 5.62300e-04
 5.62373e-04
 5.62445e-04
 5.62514e-04
 5.62581e-04
 5.62646e-04
 5.62710e-04
 5.62773e-04
 5.62836e-04
 5.62899e-04
 5.62964e-04
 5.63031e-04
 5.63103e-04
 5.63182e-04
 5.63269e-04
 5.63368e-04
 5.63482e-04
 5.63616e-04
 5.63774e-04
 5.63963e-04
 5.64190e-04
 5.64461e-04
 5.64788e-04
 5.65179e-04
 5.65647e-04
 5.66205e-04
 5.66866e-04
 5.67645e-04
 5.68560e-04
 5.69624e-04
 5.70856e-04
 5.72269e-04
 5.73876e-04
 5.75688e-04
 5.77707e-04
 5.79931e-04
 5.82344e-04
 5.84918e-04
 5.87605e-04
 5.90331e-04
 5.92994e-04
 5.95449e-04
 5.97504e-04
 5.98906e-04
 5.99329e-04
 5.98358e-04
 5.95473e-04
 5.90030e-04
 5.81239e-04
 5.68142e-04
 5.49589e-04
 5.24216e-04
 4.90422e-04
 4.46346e-04
 3.89862e-04
 3.18572e-04
 2.29825e-04
 1.20762e-04
-1.16000e-05
-1.70225e-04
-3.57829e-04
-5.76532e-04
-8.27342e-04
-1.10942e-03
-1.41905e-03
-1.74827e-03
-2.08308e-03
-2.40144e-03
-2.67126e-03
-2.84948e-03
-2.88399e-03
-2.72173e-03
-2.32726e-03
-1.71438e-03
-9.86274e-04
-3.71654e-04
-1.30094e-04
